{
  "RSpec": {
    "coverage": {
      "/home/simone/tamu-dining/tamu_dining/app/controllers/administrators_controller.rb": {
        "lines": [
          1,
          1,
          null,
          null,
          1,
          1,
          null,
          1,
          null,
          null,
          null,
          1,
          2,
          2,
          null,
          2,
          1,
          null,
          1,
          null,
          null,
          null,
          null,
          1,
          3,
          3,
          1,
          null,
          2,
          null,
          2,
          2,
          null,
          0,
          null,
          null,
          null,
          null,
          null,
          1,
          1,
          1,
          null,
          null,
          1,
          2,
          2,
          2,
          1,
          null,
          1,
          null,
          null,
          null,
          1,
          null,
          1,
          3,
          null,
          null,
          null,
          1,
          5,
          null,
          null
        ]
      },
      "/home/simone/tamu-dining/tamu_dining/app/controllers/application_controller.rb": {
        "lines": [
          1,
          null
        ]
      },
      "/home/simone/tamu-dining/tamu_dining/app/controllers/users_controller.rb": {
        "lines": [
          1,
          1,
          null,
          null,
          1,
          1,
          null,
          1,
          null,
          null,
          1,
          1,
          null,
          1,
          0,
          null,
          1,
          null,
          null,
          null,
          null,
          1,
          4,
          4,
          1,
          null,
          3,
          null,
          3,
          2,
          null,
          1,
          null,
          null,
          null,
          null,
          null,
          1,
          2,
          2,
          1,
          null,
          1,
          null,
          null,
          null,
          null,
          1,
          1,
          1,
          null,
          null,
          1,
          3,
          3,
          3,
          2,
          2,
          null,
          1,
          null,
          null,
          null,
          1,
          null,
          1,
          5,
          null,
          5,
          1,
          null,
          null,
          null,
          null,
          1,
          9,
          null,
          null
        ]
      },
      "/home/simone/tamu-dining/tamu_dining/app/models/administrator.rb": {
        "lines": [
          1,
          null
        ]
      },
      "/home/simone/tamu-dining/tamu_dining/app/models/application_record.rb": {
        "lines": [
          1,
          1,
          null
        ]
      },
      "/home/simone/tamu-dining/tamu_dining/app/models/user.rb": {
        "lines": [
          1,
          1,
          null
        ]
      }
    },
    "timestamp": 1712348795
  },
  "Cucumber Features": {
    "coverage": {
      "/home/simone/tamu-dining/tamu_dining/app/models/administrator.rb": {
        "lines": [
          1,
          null
        ]
      },
      "/home/simone/tamu-dining/tamu_dining/app/models/application_record.rb": {
        "lines": [
          1,
          1,
          null
        ]
      },
      "/home/simone/tamu-dining/tamu_dining/app/controllers/administrators_controller.rb": {
        "lines": [
          1,
          1,
          null,
          null,
          1,
          0,
          null,
          0,
          null,
          null,
          null,
          1,
          0,
          0,
          null,
          0,
          0,
          null,
          0,
          null,
          null,
          null,
          null,
          1,
          0,
          0,
          0,
          null,
          0,
          null,
          0,
          0,
          null,
          0,
          null,
          null,
          null,
          null,
          null,
          1,
          0,
          0,
          null,
          null,
          1,
          2,
          2,
          2,
          1,
          null,
          1,
          null,
          null,
          null,
          1,
          null,
          1,
          0,
          null,
          null,
          null,
          1,
          0,
          null,
          null
        ]
      },
      "/home/simone/tamu-dining/tamu_dining/app/controllers/application_controller.rb": {
        "lines": [
          1,
          null
        ]
      },
      "/home/simone/tamu-dining/tamu_dining/app/controllers/users_controller.rb": {
        "lines": [
          0,
          0,
          null,
          null,
          0,
          0,
          null,
          0,
          0,
          null,
          0,
          0,
          null,
          0,
          0,
          0,
          0,
          0,
          0,
          null,
          null,
          0,
          0,
          0,
          0,
          0,
          0,
          null,
          0,
          0,
          0,
          0,
          0,
          0,
          0,
          null,
          null,
          0,
          0,
          0,
          0,
          0,
          0,
          0,
          0,
          null,
          null,
          0,
          0,
          0,
          0,
          null,
          0,
          0,
          0,
          0,
          0,
          0,
          0,
          0,
          0,
          0,
          null,
          0,
          null,
          0,
          0,
          null,
          0,
          0,
          0,
          0,
          null,
          null,
          0,
          0,
          0,
          0
        ],
        "branches": {
        }
      },
      "/home/simone/tamu-dining/tamu_dining/app/models/user.rb": {
        "lines": [
          0,
          0,
          0
        ],
        "branches": {
        }
      }
    },
    "timestamp": 1712347570
  }
}
