{
  "RSpec": {
    "coverage": {
      "/home/ubuntu/tamu-dining/tamu_dining/app/controllers/users_controller.rb": {
        "lines": [
          1,
          1,
          null,
          null,
          1,
          1,
          null,
          1,
          null,
          null,
          1,
          1,
          null,
          1,
          0,
          null,
          1,
          null,
          null,
          null,
          null,
          1,
          4,
          4,
          1,
          null,
          3,
          null,
          3,
          2,
          null,
          1,
          null,
          null,
          null,
          null,
          null,
          1,
          2,
          2,
          1,
          null,
          1,
          null,
          null,
          null,
          null,
          1,
          1,
          1,
          null,
          null,
          1,
          3,
          3,
          3,
          2,
          2,
          null,
          1,
          null,
          null,
          null,
          1,
          null,
          1,
          5,
          null,
          5,
          1,
          null,
          null,
          null,
          null,
          1,
          9,
          null,
          null
        ]
      },
      "/home/ubuntu/tamu-dining/tamu_dining/app/controllers/application_controller.rb": {
        "lines": [
          1,
          null
        ]
      },
      "/home/ubuntu/tamu-dining/tamu_dining/app/models/user.rb": {
        "lines": [
          1,
          1,
          null
        ]
      },
      "/home/ubuntu/tamu-dining/tamu_dining/app/models/application_record.rb": {
        "lines": [
          1,
          1,
          null
        ]
      }
    },
    "timestamp": 1708639698
  },
  "Cucumber Features": {
    "coverage": {
      "/home/ubuntu/tamu-dining/tamu_dining/app/models/user.rb": {
        "lines": [
          1,
          1,
          null
        ]
      },
      "/home/ubuntu/tamu-dining/tamu_dining/app/models/application_record.rb": {
        "lines": [
          1,
          1,
          null
        ]
      },
      "/home/ubuntu/tamu-dining/tamu_dining/app/controllers/users_controller.rb": {
        "lines": [
          1,
          1,
          null,
          null,
          1,
          1,
          null,
          1,
          null,
          null,
          1,
          1,
          null,
          1,
          0,
          null,
          1,
          null,
          null,
          null,
          null,
          1,
          0,
          0,
          0,
          null,
          0,
          null,
          0,
          0,
          null,
          0,
          null,
          null,
          null,
          null,
          null,
          1,
          0,
          0,
          0,
          null,
          0,
          null,
          null,
          null,
          null,
          1,
          0,
          0,
          null,
          null,
          1,
          1,
          1,
          1,
          1,
          1,
          null,
          0,
          null,
          null,
          null,
          1,
          null,
          1,
          1,
          null,
          1,
          0,
          null,
          null,
          null,
          null,
          1,
          0,
          null,
          null
        ]
      },
      "/home/ubuntu/tamu-dining/tamu_dining/app/controllers/application_controller.rb": {
        "lines": [
          1,
          null
        ]
      }
    },
    "timestamp": 1708639712
  }
}
